<?xml version="1.0" encoding="UTF-8"?>
<!-- Generated by org.testng.reporters.JUnitXMLReporter -->
<testsuite hostname="INBLRWIT218734" failures="0" tests="3" name="Default test" time="0.071" errors="0" timestamp="18 Jul 2019 15:10:01 GMT">
  <testcase classname="com.myapp.login.LoginTest" name="loginusingEmailPW" time="0.009"/>
  <testcase classname="com.myapp.login.LoginTest" name="loginusingOTP" time="0.002"/>
  <testcase classname="com.myapp.login.LoginTest" name="loginusingUNPW" time="0.004"/>
</testsuite> <!-- Default test -->
