<?xml version="1.0" encoding="UTF-8"?>
<!-- Generated by org.testng.reporters.JUnitXMLReporter -->
<testsuite hostname="INBLRWIT218734" failures="0" tests="3" name="MyappTestNG_Test" time="0.069" errors="0" timestamp="18 Jul 2019 15:24:58 GMT">
  <testcase classname="com.myapp.login.LoginTest" name="loginusingUNPW" time="0.007"/>
  <testcase classname="com.myapp.home.HomeTest" name="navigateTab1" time="0.005"/>
  <testcase classname="com.myapp.logout.LogoutTest" name="logout1" time="0.003"/>
</testsuite> <!-- MyappTestNG_Test -->
