<?xml version="1.0" encoding="UTF-8"?>
<testng-results total="3" passed="3" failed="0" skipped="0">
  <reporter-output>
  </reporter-output>
  <suite started-at="2019-07-18T15:24:58Z" name="Suite" finished-at="2019-07-18T15:24:58Z" duration-ms="69">
    <groups>
      <group name="smokeTest">
        <method signature="HomeTest.navigateTab1()[pri:3, instance:com.myapp.home.HomeTest@e4487af]" name="navigateTab1" class="com.myapp.home.HomeTest"/>
        <method signature="LoginTest.loginusingUNPW()[pri:3, instance:com.myapp.login.LoginTest@687e99d8]" name="loginusingUNPW" class="com.myapp.login.LoginTest"/>
        <method signature="LogoutTest.logout1()[pri:2, instance:com.myapp.logout.LogoutTest@6aaceffd]" name="logout1" class="com.myapp.logout.LogoutTest"/>
      </group> <!-- smokeTest -->
    </groups>
    <test started-at="2019-07-18T15:24:58Z" name="MyappTestNG_Test" finished-at="2019-07-18T15:24:58Z" duration-ms="69">
      <class name="com.myapp.home.HomeTest">
        <test-method is-config="true" signature="Beforeclasscode()[pri:0, instance:com.myapp.home.HomeTest@e4487af]" started-at="2019-07-18T20:54:58Z" name="Beforeclasscode" finished-at="2019-07-18T20:54:58Z" duration-ms="1" status="PASS">
          <reporter-output>
          </reporter-output>
        </test-method> <!-- Beforeclasscode -->
        <test-method is-config="true" signature="Beforemethodcode()[pri:0, instance:com.myapp.home.HomeTest@e4487af]" started-at="2019-07-18T20:54:58Z" name="Beforemethodcode" finished-at="2019-07-18T20:54:58Z" duration-ms="1" status="PASS">
          <reporter-output>
          </reporter-output>
        </test-method> <!-- Beforemethodcode -->
        <test-method signature="navigateTab1()[pri:3, instance:com.myapp.home.HomeTest@e4487af]" started-at="2019-07-18T20:54:58Z" name="navigateTab1" finished-at="2019-07-18T20:54:58Z" duration-ms="5" status="PASS">
          <reporter-output>
          </reporter-output>
        </test-method> <!-- navigateTab1 -->
        <test-method is-config="true" signature="Aftermethodcode()[pri:0, instance:com.myapp.home.HomeTest@e4487af]" started-at="2019-07-18T20:54:58Z" name="Aftermethodcode" finished-at="2019-07-18T20:54:58Z" duration-ms="1" status="PASS">
          <reporter-output>
          </reporter-output>
        </test-method> <!-- Aftermethodcode -->
        <test-method is-config="true" signature="Afterclasscode()[pri:0, instance:com.myapp.home.HomeTest@e4487af]" started-at="2019-07-18T20:54:58Z" name="Afterclasscode" finished-at="2019-07-18T20:54:58Z" duration-ms="1" status="PASS">
          <reporter-output>
          </reporter-output>
        </test-method> <!-- Afterclasscode -->
      </class> <!-- com.myapp.home.HomeTest -->
      <class name="com.myapp.login.LoginTest">
        <test-method is-config="true" signature="Beforeclasscode()[pri:0, instance:com.myapp.login.LoginTest@687e99d8]" started-at="2019-07-18T20:54:58Z" name="Beforeclasscode" finished-at="2019-07-18T20:54:58Z" duration-ms="11" status="PASS">
          <reporter-output>
          </reporter-output>
        </test-method> <!-- Beforeclasscode -->
        <test-method signature="loginusingUNPW()[pri:3, instance:com.myapp.login.LoginTest@687e99d8]" started-at="2019-07-18T20:54:58Z" name="loginusingUNPW" finished-at="2019-07-18T20:54:58Z" duration-ms="7" status="PASS">
          <reporter-output>
          </reporter-output>
        </test-method> <!-- loginusingUNPW -->
        <test-method is-config="true" signature="Beforemethodcode()[pri:0, instance:com.myapp.login.LoginTest@687e99d8]" started-at="2019-07-18T20:54:58Z" name="Beforemethodcode" finished-at="2019-07-18T20:54:58Z" duration-ms="0" status="PASS">
          <reporter-output>
          </reporter-output>
        </test-method> <!-- Beforemethodcode -->
        <test-method is-config="true" signature="Aftermethodcode()[pri:0, instance:com.myapp.login.LoginTest@687e99d8]" started-at="2019-07-18T20:54:58Z" name="Aftermethodcode" finished-at="2019-07-18T20:54:58Z" duration-ms="1" status="PASS">
          <reporter-output>
          </reporter-output>
        </test-method> <!-- Aftermethodcode -->
        <test-method is-config="true" signature="Afterclasscode()[pri:0, instance:com.myapp.login.LoginTest@687e99d8]" started-at="2019-07-18T20:54:58Z" name="Afterclasscode" finished-at="2019-07-18T20:54:58Z" duration-ms="5" status="PASS">
          <reporter-output>
          </reporter-output>
        </test-method> <!-- Afterclasscode -->
      </class> <!-- com.myapp.login.LoginTest -->
      <class name="com.myapp.logout.LogoutTest">
        <test-method is-config="true" signature="Beforeclasscode()[pri:0, instance:com.myapp.logout.LogoutTest@6aaceffd]" started-at="2019-07-18T20:54:58Z" name="Beforeclasscode" finished-at="2019-07-18T20:54:58Z" duration-ms="1" status="PASS">
          <reporter-output>
          </reporter-output>
        </test-method> <!-- Beforeclasscode -->
        <test-method is-config="true" signature="Beforemethodcode()[pri:0, instance:com.myapp.logout.LogoutTest@6aaceffd]" started-at="2019-07-18T20:54:58Z" name="Beforemethodcode" finished-at="2019-07-18T20:54:58Z" duration-ms="1" status="PASS">
          <reporter-output>
          </reporter-output>
        </test-method> <!-- Beforemethodcode -->
        <test-method signature="logout1()[pri:2, instance:com.myapp.logout.LogoutTest@6aaceffd]" started-at="2019-07-18T20:54:58Z" name="logout1" finished-at="2019-07-18T20:54:58Z" duration-ms="3" status="PASS">
          <reporter-output>
          </reporter-output>
        </test-method> <!-- logout1 -->
        <test-method is-config="true" signature="Aftermethodcode()[pri:0, instance:com.myapp.logout.LogoutTest@6aaceffd]" started-at="2019-07-18T20:54:58Z" name="Aftermethodcode" finished-at="2019-07-18T20:54:58Z" duration-ms="1" status="PASS">
          <reporter-output>
          </reporter-output>
        </test-method> <!-- Aftermethodcode -->
        <test-method is-config="true" signature="Afterclasscode()[pri:0, instance:com.myapp.logout.LogoutTest@6aaceffd]" started-at="2019-07-18T20:54:58Z" name="Afterclasscode" finished-at="2019-07-18T20:54:58Z" duration-ms="2" status="PASS">
          <reporter-output>
          </reporter-output>
        </test-method> <!-- Afterclasscode -->
      </class> <!-- com.myapp.logout.LogoutTest -->
    </test> <!-- MyappTestNG_Test -->
  </suite> <!-- Suite -->
</testng-results>
